c:\users\ljp67\source\repos\mario\mario\x64\debug\vc142.pdb
c:\users\ljp67\source\repos\mario\mario\x64\debug\vc142.idb
c:\users\ljp67\source\repos\mario\mario\x64\debug\texture2d.obj
c:\users\ljp67\source\repos\mario\mario\x64\debug\main.obj
c:\users\ljp67\source\repos\mario\mario\x64\debug\levelmap.obj
c:\users\ljp67\source\repos\mario\mario\x64\debug\gamescreenmanager.obj
c:\users\ljp67\source\repos\mario\mario\x64\debug\gamescreenlevel1.obj
c:\users\ljp67\source\repos\mario\mario\x64\debug\gamescreen.obj
c:\users\ljp67\source\repos\mario\mario\x64\debug\collisions.obj
c:\users\ljp67\source\repos\mario\mario\x64\debug\character.obj
c:\users\ljp67\source\repos\mario\mario\x64\debug\mariocharacter.obj
c:\users\ljp67\source\repos\mario\mario\x64\debug\luigicharacter.obj
c:\users\ljp67\source\repos\mario\mario\x64\debug\powblock.obj
c:\users\ljp67\source\repos\mario\mario\x64\debug\koopacharacter.obj
c:\users\ljp67\source\repos\mario\mario\x64\debug\coincharacter.obj
c:\users\ljp67\source\repos\mario\x64\debug\mario.exe
c:\users\ljp67\source\repos\mario\x64\debug\mario.ilk
c:\users\ljp67\source\repos\mario\x64\debug\mario.pdb
c:\users\ljp67\source\repos\mario\mario\x64\debug\koopacharacter.new.obj.enc
c:\users\ljp67\source\repos\mario\mario\x64\debug\mario.tlog\cl.command.1.tlog
c:\users\ljp67\source\repos\mario\mario\x64\debug\mario.tlog\cl.read.1.tlog
c:\users\ljp67\source\repos\mario\mario\x64\debug\mario.tlog\cl.write.1.tlog
c:\users\ljp67\source\repos\mario\mario\x64\debug\mario.tlog\link.command.1.tlog
c:\users\ljp67\source\repos\mario\mario\x64\debug\mario.tlog\link.read.1.tlog
c:\users\ljp67\source\repos\mario\mario\x64\debug\mario.tlog\link.write.1.tlog
